stdio.h(5): Warning! W138: No newline at end of file
x86.h(4): Warning! W138: No newline at end of file
stdio.c(27): Error! E1026: Invalid declarator
stdio.c(27): Error! E1009: Expecting ';' but found 'void'
stdio.c(30): Warning! W102: Type mismatch (warning)
stdio.c(30): Note! I2003: source conversion type is 'int'
stdio.c(30): Note! I2004: target conversion type is 'int *'
stdio.c(37): Error! E1009: Expecting ';' but found 'while'
stdio.c(73): Error! E1038: Expecting label for goto statement
stdio.c(92): Error! E1052: Expression has void type
stdio.c(96): Error! E1052: Expression has void type
stdio.c(102): Error! E1009: Expecting ';' but found 'argp'
stdio.c(102): Error! E1052: Expression has void type
stdio.c(106): Error! E1052: Expression has void type
stdio.c(127): Error! E1026: Invalid declarator
stdio.c(127): Error! E1009: Expecting ';' but found 'void'
stdio.c(164): Warning! W138: No newline at end of file
stdio.c(131): Warning! W202: Symbol 'pos' has been defined, but not referenced
stdio.c(128): Warning! W202: Symbol 'buffer' has been defined, but not referenced
stdio.c(127): Warning! W303: Parameter 'radix' has been defined, but not referenced
